# JRE version: Java(TM) SE Runtime Environment (8.0_77-b03) (build 1.8.0_77-b03)
# Java VM: Java HotSpot(TM) 64-Bit Server VM (25.77-b03 mixed mode windows-amd64 compressed oops)
Heap:
 PSYoungGen      total 18944K, used 1840K [0x00000000eb200000, 0x00000000ec700000, 0x0000000100000000)
  eden space 16384K, 11% used [0x00000000eb200000,0x00000000eb3cc2b8,0x00000000ec200000)
  from space 2560K, 0% used [0x00000000ec200000,0x00000000ec200000,0x00000000ec480000)
  to   space 2560K, 0% used [0x00000000ec480000,0x00000000ec480000,0x00000000ec700000)
 ParOldGen       total 25088K, used 3819K [0x00000000c1600000, 0x00000000c2e80000, 0x00000000eb200000)
  object space 25088K, 15% used [0x00000000c1600000,0x00000000c19baf40,0x00000000c2e80000)
 Metaspace       used 12719K, capacity 12876K, committed 13056K, reserved 1062912K
  class space    used 1643K, capacity 1735K, committed 1792K, reserved 1048576K
GC Heap History (4 events):
Event: 4.904 GC heap before
{Heap before GC invocations=1 (full 0):
 PSYoungGen      total 18944K, used 8501K [0x00000000eb200000, 0x00000000ec700000, 0x0000000100000000)
  eden space 16384K, 51% used [0x00000000eb200000,0x00000000eba4d748,0x00000000ec200000)
  from space 2560K, 0% used [0x00000000ec480000,0x00000000ec480000,0x00000000ec700000)
  to   space 2560K, 0% used [0x00000000ec200000,0x00000000ec200000,0x00000000ec480000)
 ParOldGen       total 44032K, used 0K [0x00000000c1600000, 0x00000000c4100000, 0x00000000eb200000)
  object space 44032K, 0% used [0x00000000c1600000,0x00000000c1600000,0x00000000c4100000)
 Metaspace       used 12514K, capacity 12652K, committed 12800K, reserved 1064960K
  class space    used 1618K, capacity 1703K, committed 1792K, reserved 1048576K
Event: 4.911 GC heap after
Heap after GC invocations=1 (full 0):
 PSYoungGen      total 18944K, used 2304K [0x00000000eb200000, 0x00000000ec700000, 0x0000000100000000)
  eden space 16384K, 0% used [0x00000000eb200000,0x00000000eb200000,0x00000000ec200000)
  from space 2560K, 90% used [0x00000000ec200000,0x00000000ec440020,0x00000000ec480000)
  to   space 2560K, 0% used [0x00000000ec480000,0x00000000ec480000,0x00000000ec700000)
 ParOldGen       total 44032K, used 4843K [0x00000000c1600000, 0x00000000c4100000, 0x00000000eb200000)
  object space 44032K, 11% used [0x00000000c1600000,0x00000000c1abae58,0x00000000c4100000)
 Metaspace       used 12514K, capacity 12652K, committed 12800K, reserved 1064960K
  class space    used 1618K, capacity 1703K, committed 1792K, reserved 1048576K
}
Event: 4.911 GC heap before
{Heap before GC invocations=2 (full 1):
 PSYoungGen      total 18944K, used 2304K [0x00000000eb200000, 0x00000000ec700000, 0x0000000100000000)
  eden space 16384K, 0% used [0x00000000eb200000,0x00000000eb200000,0x00000000ec200000)
  from space 2560K, 90% used [0x00000000ec200000,0x00000000ec440020,0x00000000ec480000)
  to   space 2560K, 0% used [0x00000000ec480000,0x00000000ec480000,0x00000000ec700000)
 ParOldGen       total 44032K, used 4843K [0x00000000c1600000, 0x00000000c4100000, 0x00000000eb200000)
  object space 44032K, 11% used [0x00000000c1600000,0x00000000c1abae58,0x00000000c4100000)
 Metaspace       used 12514K, capacity 12652K, committed 12800K, reserved 1064960K
  class space    used 1618K, capacity 1703K, committed 1792K, reserved 1048576K
Event: 4.940 GC heap after
Heap after GC invocations=2 (full 1):
 PSYoungGen      total 18944K, used 0K [0x00000000eb200000, 0x00000000ec700000, 0x0000000100000000)
  eden space 16384K, 0% used [0x00000000eb200000,0x00000000eb200000,0x00000000ec200000)
  from space 2560K, 0% used [0x00000000ec200000,0x00000000ec200000,0x00000000ec480000)
  to   space 2560K, 0% used [0x00000000ec480000,0x00000000ec480000,0x00000000ec700000)
 ParOldGen       total 25088K, used 3819K [0x00000000c1600000, 0x00000000c2e80000, 0x00000000eb200000)
  object space 25088K, 15% used [0x00000000c1600000,0x00000000c19baf40,0x00000000c2e80000)
 Metaspace       used 12514K, capacity 12652K, committed 12800K, reserved 1062912K
  class space    used 1618K, capacity 1703K, committed 1792K, reserved 1048576K
}

